<?xml version="1.0" encoding="UTF-8"?>
<robot generator="Robot 4.1.3 (Python 3.10.1 on win32)" generated="20220111 05:08:56.123" rpa="false" schemaversion="2">
<suite id="s1" name="TestCase" source="C:\Users\Ankit Yadav\PycharmProjects\Testing\TestCase">
<suite id="s1-s1" name="Lanuch" source="C:\Users\Ankit Yadav\PycharmProjects\Testing\TestCase\Lanuch.robot">
<test id="s1-s1-t1" name="Open The Web">
<kw name="Lunch The Url" library="Function">
<kw name="Open Browser" library="SeleniumLibrary">
<arg>https://www.orangehrm.com/</arg>
<arg>Chrome</arg>
<doc>Opens a new browser instance to the optional ``url``.</doc>
<msg timestamp="20220111 05:08:56.792" level="INFO">Opening browser 'Chrome' to base url 'https://www.orangehrm.com/'.</msg>
<status status="PASS" starttime="20220111 05:08:56.792" endtime="20220111 05:09:05.897"/>
</kw>
<kw name="Maximize Browser Window" library="SeleniumLibrary">
<doc>Maximizes current browser window.</doc>
<status status="PASS" starttime="20220111 05:09:05.897" endtime="20220111 05:09:06.871"/>
</kw>
<status status="PASS" starttime="20220111 05:08:56.791" endtime="20220111 05:09:06.872"/>
</kw>
<status status="PASS" starttime="20220111 05:08:56.790" endtime="20220111 05:09:06.878"/>
</test>
<test id="s1-s1-t2" name="Select The Cookies">
<kw name="Accept the Cookies" library="Function">
<kw name="Sleep" library="BuiltIn">
<arg>5s</arg>
<doc>Pauses the test executed for the given time.</doc>
<msg timestamp="20220111 05:09:11.900" level="INFO">Slept 5 seconds</msg>
<status status="PASS" starttime="20220111 05:09:06.894" endtime="20220111 05:09:11.900"/>
</kw>
<kw name="Wait Until Element Is Visible" library="SeleniumLibrary">
<arg>//div[@class="optanon-alert-box-bg"]</arg>
<arg>error=Cookies Not Visible</arg>
<doc>Waits until the element ``locator`` is visible.</doc>
<status status="PASS" starttime="20220111 05:09:11.906" endtime="20220111 05:09:11.961"/>
</kw>
<kw name="Click Element" library="SeleniumLibrary">
<arg>//a[@class="optanon-allow-all accept-cookies-button"]</arg>
<doc>Click the element identified by ``locator``.</doc>
<msg timestamp="20220111 05:09:11.961" level="INFO">Clicking element '//a[@class="optanon-allow-all accept-cookies-button"]'.</msg>
<status status="PASS" starttime="20220111 05:09:11.961" endtime="20220111 05:09:12.107"/>
</kw>
<status status="PASS" starttime="20220111 05:09:06.892" endtime="20220111 05:09:12.107"/>
</kw>
<status status="PASS" starttime="20220111 05:09:06.882" endtime="20220111 05:09:12.108"/>
</test>
<test id="s1-s1-t3" name="Click to Sales Page">
<kw name="Move To Contact Sales Page" library="Function">
<kw name="Wait Until Element Is Visible" library="SeleniumLibrary">
<arg>//a[@class="btn-orange trial-btn pulse "]</arg>
<doc>Waits until the element ``locator`` is visible.</doc>
<status status="PASS" starttime="20220111 05:09:12.111" endtime="20220111 05:09:12.161"/>
</kw>
<kw name="Click Element" library="SeleniumLibrary">
<arg>//a[@class="btn-orange trial-btn pulse "]</arg>
<doc>Click the element identified by ``locator``.</doc>
<msg timestamp="20220111 05:09:12.162" level="INFO">Clicking element '//a[@class="btn-orange trial-btn pulse "]'.</msg>
<status status="PASS" starttime="20220111 05:09:12.161" endtime="20220111 05:09:17.533"/>
</kw>
<status status="PASS" starttime="20220111 05:09:12.110" endtime="20220111 05:09:17.533"/>
</kw>
<status status="PASS" starttime="20220111 05:09:12.109" endtime="20220111 05:09:17.536"/>
</test>
<status status="PASS" starttime="20220111 05:08:56.190" endtime="20220111 05:09:17.545"/>
</suite>
<status status="PASS" starttime="20220111 05:08:56.126" endtime="20220111 05:09:17.556"/>
</suite>
<statistics>
<total>
<stat pass="3" fail="0" skip="0">All Tests</stat>
</total>
<tag>
</tag>
<suite>
<stat pass="3" fail="0" skip="0" id="s1" name="TestCase">TestCase</stat>
<stat pass="3" fail="0" skip="0" id="s1-s1" name="Lanuch">TestCase.Lanuch</stat>
</suite>
</statistics>
<errors>
<msg timestamp="20220111 05:08:56.786" level="ERROR">Error in file 'C:\Users\Ankit Yadav\PycharmProjects\Testing\Keyword\Function.robot' on line 3: Error in file 'C:\Users\Ankit Yadav\PycharmProjects\Testing\TestCase\Lanuch.robot' on line 5: Resource file with 'Test Cases' section is invalid.</msg>
</errors>
</robot>
